2015-07-09 03:54:00 [-][-][-][error][yii\db\Exception] exception 'PDOException' with message 'SQLSTATE[HY000] [1049] Unknown database 'yii2advanced'' in C:\wamp\www\yii2build\vendor\yiisoft\yii2\db\Connection.php:579
Stack trace:
#0 C:\wamp\www\yii2build\vendor\yiisoft\yii2\db\Connection.php(579): PDO->__construct('mysql:host=loca...', 'root', '', NULL)
#1 C:\wamp\www\yii2build\vendor\yiisoft\yii2\db\Connection.php(529): yii\db\Connection->createPdoInstance()
#2 C:\wamp\www\yii2build\vendor\yiisoft\yii2\db\Connection.php(836): yii\db\Connection->open()
#3 C:\wamp\www\yii2build\vendor\yiisoft\yii2\db\Connection.php(823): yii\db\Connection->getMasterPdo()
#4 C:\wamp\www\yii2build\vendor\yiisoft\yii2\db\Command.php(206): yii\db\Connection->getSlavePdo()
#5 C:\wamp\www\yii2build\vendor\yiisoft\yii2\db\Command.php(819): yii\db\Command->prepare(true)
#6 C:\wamp\www\yii2build\vendor\yiisoft\yii2\db\Command.php(349): yii\db\Command->queryInternal('fetchAll', NULL)
#7 C:\wamp\www\yii2build\vendor\yiisoft\yii2\db\mysql\Schema.php(198): yii\db\Command->queryAll()
#8 C:\wamp\www\yii2build\vendor\yiisoft\yii2\db\mysql\Schema.php(97): yii\db\mysql\Schema->findColumns(Object(yii\db\TableSchema))
#9 C:\wamp\www\yii2build\vendor\yiisoft\yii2\db\Schema.php(146): yii\db\mysql\Schema->loadTableSchema('migration')
#10 C:\wamp\www\yii2build\vendor\yiisoft\yii2\console\controllers\MigrateController.php(121): yii\db\Schema->getTableSchema('{{%migration}}', true)
#11 C:\wamp\www\yii2build\vendor\yiisoft\yii2\console\controllers\BaseMigrateController.php(610): yii\console\controllers\MigrateController->getMigrationHistory(NULL)
#12 C:\wamp\www\yii2build\vendor\yiisoft\yii2\console\controllers\BaseMigrateController.php(102): yii\console\controllers\BaseMigrateController->getNewMigrations()
#13 [internal function]: yii\console\controllers\BaseMigrateController->actionUp(0)
#14 C:\wamp\www\yii2build\vendor\yiisoft\yii2\base\InlineAction.php(55): call_user_func_array(Array, Array)
#15 C:\wamp\www\yii2build\vendor\yiisoft\yii2\base\Controller.php(151): yii\base\InlineAction->runWithParams(Array)
#16 C:\wamp\www\yii2build\vendor\yiisoft\yii2\console\Controller.php(91): yii\base\Controller->runAction('', Array)
#17 C:\wamp\www\yii2build\vendor\yiisoft\yii2\base\Module.php(455): yii\console\Controller->runAction('', Array)
#18 C:\wamp\www\yii2build\vendor\yiisoft\yii2\console\Application.php(161): yii\base\Module->runAction('migrate', Array)
#19 C:\wamp\www\yii2build\vendor\yiisoft\yii2\console\Application.php(137): yii\console\Application->runAction('migrate', Array)
#20 C:\wamp\www\yii2build\vendor\yiisoft\yii2\base\Application.php(375): yii\console\Application->handleRequest(Object(yii\console\Request))
#21 C:\wamp\www\yii2build\yii(31): yii\base\Application->run()
#22 {main}

Next exception 'yii\db\Exception' with message 'SQLSTATE[HY000] [1049] Unknown database 'yii2advanced'' in C:\wamp\www\yii2build\vendor\yiisoft\yii2\db\Connection.php:534
Stack trace:
#0 C:\wamp\www\yii2build\vendor\yiisoft\yii2\db\Connection.php(836): yii\db\Connection->open()
#1 C:\wamp\www\yii2build\vendor\yiisoft\yii2\db\Connection.php(823): yii\db\Connection->getMasterPdo()
#2 C:\wamp\www\yii2build\vendor\yiisoft\yii2\db\Command.php(206): yii\db\Connection->getSlavePdo()
#3 C:\wamp\www\yii2build\vendor\yiisoft\yii2\db\Command.php(819): yii\db\Command->prepare(true)
#4 C:\wamp\www\yii2build\vendor\yiisoft\yii2\db\Command.php(349): yii\db\Command->queryInternal('fetchAll', NULL)
#5 C:\wamp\www\yii2build\vendor\yiisoft\yii2\db\mysql\Schema.php(198): yii\db\Command->queryAll()
#6 C:\wamp\www\yii2build\vendor\yiisoft\yii2\db\mysql\Schema.php(97): yii\db\mysql\Schema->findColumns(Object(yii\db\TableSchema))
#7 C:\wamp\www\yii2build\vendor\yiisoft\yii2\db\Schema.php(146): yii\db\mysql\Schema->loadTableSchema('migration')
#8 C:\wamp\www\yii2build\vendor\yiisoft\yii2\console\controllers\MigrateController.php(121): yii\db\Schema->getTableSchema('{{%migration}}', true)
#9 C:\wamp\www\yii2build\vendor\yiisoft\yii2\console\controllers\BaseMigrateController.php(610): yii\console\controllers\MigrateController->getMigrationHistory(NULL)
#10 C:\wamp\www\yii2build\vendor\yiisoft\yii2\console\controllers\BaseMigrateController.php(102): yii\console\controllers\BaseMigrateController->getNewMigrations()
#11 [internal function]: yii\console\controllers\BaseMigrateController->actionUp(0)
#12 C:\wamp\www\yii2build\vendor\yiisoft\yii2\base\InlineAction.php(55): call_user_func_array(Array, Array)
#13 C:\wamp\www\yii2build\vendor\yiisoft\yii2\base\Controller.php(151): yii\base\InlineAction->runWithParams(Array)
#14 C:\wamp\www\yii2build\vendor\yiisoft\yii2\console\Controller.php(91): yii\base\Controller->runAction('', Array)
#15 C:\wamp\www\yii2build\vendor\yiisoft\yii2\base\Module.php(455): yii\console\Controller->runAction('', Array)
#16 C:\wamp\www\yii2build\vendor\yiisoft\yii2\console\Application.php(161): yii\base\Module->runAction('migrate', Array)
#17 C:\wamp\www\yii2build\vendor\yiisoft\yii2\console\Application.php(137): yii\console\Application->runAction('migrate', Array)
#18 C:\wamp\www\yii2build\vendor\yiisoft\yii2\base\Application.php(375): yii\console\Application->handleRequest(Object(yii\console\Request))
#19 C:\wamp\www\yii2build\yii(31): yii\base\Application->run()
#20 {main}
Additional Information:

2015-07-09 03:54:00 [-][-][-][info][application] $_SERVER = [
    'ALCKPath' => 'C:\\Program Files\\Lenovo\\AutoLock'
    'ALLUSERSPROFILE' => 'C:\\ProgramData'
    'APPDATA' => 'C:\\Users\\Ha Pham\\AppData\\Roaming'
    'CommonProgramFiles' => 'C:\\Program Files\\Common Files'
    'CommonProgramFiles(x86)' => 'C:\\Program Files (x86)\\Common Files'
    'CommonProgramW6432' => 'C:\\Program Files\\Common Files'
    'COMMPath' => 'C:\\Program Files\\Lenovo\\Communications Utility'
    'COMPUTERNAME' => 'HAPHAM-PC'
    'ComSpec' => 'C:\\Windows\\system32\\cmd.exe'
    'configsetroot' => 'C:\\Windows\\ConfigSetRoot'
    'easyplussdk' => '\"C:\\Program Files (x86)\\Common Files\\lenovo\\easyplussdk\\bin\"'
    'FP_NO_HOST_CHECK' => 'NO'
    'HOMEDRIVE' => 'C:'
    'HOMEPATH' => '\\Users\\Ha Pham'
    'LOCALAPPDATA' => 'C:\\Users\\Ha Pham\\AppData\\Local'
    'LOGONSERVER' => '\\\\HAPHAM-PC'
    'NUMBER_OF_PROCESSORS' => '8'
    'OS' => 'Windows_NT'
    'Path' => 'C:\\ProgramData\\Oracle\\Java\\javapath;C:\\Program Files (x86)\\Intel\\iCLS Client\\;C:\\Program Files\\Intel\\iCLS Client\\;C:\\Windows\\system32;C:\\Windows;C:\\Windows\\System32\\Wbem;C:\\Windows\\System32\\WindowsPowerShell\\v1.0\\;C:\\Program Files\\Intel\\Intel(R) Management Engine Components\\DAL;C:\\Program Files\\Intel\\Intel(R) Management Engine Components\\IPT;C:\\Program Files (x86)\\Intel\\Intel(R) Management Engine Components\\DAL;C:\\Program Files (x86)\\Intel\\Intel(R) Management Engine Components\\IPT;C:\\Program Files\\Intel\\WiFi\\bin\\;C:\\Program Files\\Common Files\\Intel\\WirelessCommon\\;C:\\SWTOOLS\\ReadyApps;C:\\Program Files (x86)\\Common Files\\Lenovo;C:\\Program Files (x86)\\Common Files\\lenovo\\easyplussdk\\bin;C:\\wamp\\bin\\php\\php5.5.12;C:\\ProgramData\\ComposerSetup\\bin;C:\\Program Files (x86)\\Skype\\Phone\\'
    'PATHEXT' => '.COM;.EXE;.BAT;.CMD;.VBS;.VBE;.JS;.JSE;.WSF;.WSH;.MSC'
    'PHP_COMMAND' => 'php.exe'
    'PowerMgrPath' => 'C:\\Program Files (x86)\\Lenovo\\PowerMgr'
    'PROCESSOR_ARCHITECTURE' => 'AMD64'
    'PROCESSOR_IDENTIFIER' => 'Intel64 Family 6 Model 60 Stepping 3, GenuineIntel'
    'PROCESSOR_LEVEL' => '6'
    'PROCESSOR_REVISION' => '3c03'
    'ProgramData' => 'C:\\ProgramData'
    'ProgramFiles' => 'C:\\Program Files'
    'ProgramFiles(x86)' => 'C:\\Program Files (x86)'
    'ProgramW6432' => 'C:\\Program Files'
    'PROMPT' => '$P$G'
    'PSModulePath' => 'C:\\Windows\\system32\\WindowsPowerShell\\v1.0\\Modules\\'
    'PUBLIC' => 'C:\\Users\\Public'
    'READYAPPS' => 'C:\\SWTOOLS\\ReadyApps'
    'SESSIONNAME' => 'Console'
    'SMA' => 'C:\\Program Files (x86)\\ThinkVantage\\SMA\\'
    'SWSHARE' => 'C:\\SWSHARE'
    'SystemDrive' => 'C:'
    'SystemRoot' => 'C:\\Windows'
    'TEMP' => 'C:\\Users\\HAPHAM~1\\AppData\\Local\\Temp'
    'TMP' => 'C:\\Users\\HAPHAM~1\\AppData\\Local\\Temp'
    'TVT' => 'C:\\Program Files (x86)\\Lenovo'
    'TVTCOMMON' => 'C:\\Program Files (x86)\\Common Files\\Lenovo'
    'UOIPME_REG_PATH' => 'C:\\Program Files\\Intel Corporation\\USB over IP'
    'USERDOMAIN' => 'HaPham-PC'
    'USERNAME' => 'Ha Pham'
    'USERPROFILE' => 'C:\\Users\\Ha Pham'
    'windir' => 'C:\\Windows'
    'windows_tracing_flags' => '3'
    'windows_tracing_logfile' => 'C:\\BVTBin\\Tests\\installpackage\\csilogfile.log'
    'YII_PATH' => 'c:\\wamp\\www\\yii2build\\'
    'PHP_SELF' => 'c:\\wamp\\www\\yii2build\\yii'
    'SCRIPT_NAME' => 'c:\\wamp\\www\\yii2build\\yii'
    'SCRIPT_FILENAME' => 'c:\\wamp\\www\\yii2build\\yii'
    'PATH_TRANSLATED' => 'c:\\wamp\\www\\yii2build\\yii'
    'DOCUMENT_ROOT' => ''
    'REQUEST_TIME_FLOAT' => 1436406840.6613
    'REQUEST_TIME' => 1436406840
    'argv' => [
        0 => 'c:\\wamp\\www\\yii2build\\yii'
        1 => 'migrate'
    ]
    'argc' => 2
]
